<?xml version="1.0" encoding="UTF-8" ?>
<kml xmlns="http://www.opengis.net/kml/2.2">
  <Document>
    <Placemark>
      <name><![CDATA[cloud]]></name>
      <description><![CDATA[]]></description>
      <Polygon>
        <extrude>1</extrude>
        <altitudeMode>relativeToGround</altitudeMode>
        <outerBoundaryIs>
          <LinearRing>
            <coordinates>
              4.492034912109375,51.904248279647476,0
              4.498729705810547,51.904036456725066,0
              4.498300552368164,51.90054123428928,0
              4.4913482666015625,51.90075307369361,0
            </coordinates>
          </LinearRing>
        </outerBoundaryIs>
      </Polygon>
    </Placemark>
    <Placemark>
      <name><![CDATA[]]></name>
      <description><![CDATA[]]></description>
      <Polygon>
        <extrude>1</extrude>
        <altitudeMode>relativeToGround</altitudeMode>
        <outerBoundaryIs>
          <LinearRing>
            <coordinates>
              4.5023345947265625,51.90287141279659,0
              4.502162933349609,51.900964912098985,0
              4.504995346069336,51.90117674950547,0
              4.503793716430664,51.90340098196447,0
            </coordinates>
          </LinearRing>
        </outerBoundaryIs>
      </Polygon>
    </Placemark>
  </Document>
</kml>