<?xml version="1.0" encoding="UTF-8" ?>
<kml xmlns="http://www.opengis.net/kml/2.2">
  <Document>
    <Placemark>
      <name><![CDATA[]]></name>
      <description><![CDATA[]]></description>
      <Polygon>
        <extrude>1</extrude>
        <altitudeMode>relativeToGround</altitudeMode>
        <outerBoundaryIs>
          <LinearRing>
            <coordinates>
              4.495124816894531,51.9089081312258,0
              4.494953155517578,51.90562510429546,0
              4.502677917480469,51.905678058246835,0
              4.502592086791992,51.9085904294302,0
            </coordinates>
          </LinearRing>
        </outerBoundaryIs>
      </Polygon>
    </Placemark>
    <Placemark>
      <name><![CDATA[]]></name>
      <description><![CDATA[]]></description>
      <Polygon>
        <extrude>1</extrude>
        <altitudeMode>relativeToGround</altitudeMode>
        <outerBoundaryIs>
          <LinearRing>
            <coordinates>
              4.505767822265625,51.90684302938185,0
              4.506196975708008,51.90509556134833,0
              4.510316848754883,51.90546624206684,0
              4.507999420166016,51.907107791334944,0
            </coordinates>
          </LinearRing>
        </outerBoundaryIs>
      </Polygon>
    </Placemark>
  </Document>
</kml>